<?xml version="1.0" encoding="UTF-8"?>
<testng-results skipped="0" failed="0" ignored="0" total="2" passed="2">
  <reporter-output>
  </reporter-output>
  <suite name="ExtentReportTest" duration-ms="33" started-at="2018-08-14T10:42:14Z" finished-at="2018-08-14T10:42:14Z">
    <groups>
    </groups>
    <test name="Reportgenerations" duration-ms="33" started-at="2018-08-14T10:42:14Z" finished-at="2018-08-14T10:42:14Z">
      <class name="com.qa.tests.HomePageTest">
        <test-method status="PASS" signature="starthomepage()[pri:0, instance:com.qa.tests.HomePageTest@7823a2f9]" name="starthomepage" duration-ms="9" started-at="2018-08-14T11:42:14Z" finished-at="2018-08-14T11:42:14Z">
          <reporter-output>
          </reporter-output>
        </test-method> <!-- starthomepage -->
      </class> <!-- com.qa.tests.HomePageTest -->
      <class name="com.qa.tests.LoginPageTest">
        <test-method status="PASS" signature="startloginpage()[pri:0, instance:com.qa.tests.LoginPageTest@5c7fa833]" name="startloginpage" duration-ms="1" started-at="2018-08-14T11:42:14Z" finished-at="2018-08-14T11:42:14Z">
          <reporter-output>
          </reporter-output>
        </test-method> <!-- startloginpage -->
      </class> <!-- com.qa.tests.LoginPageTest -->
    </test> <!-- Reportgenerations -->
  </suite> <!-- ExtentReportTest -->
</testng-results>
